2013-09-17 13:09:57.417 DigitalDeck[12536:19103] Multi-tasking -> Device: YES, App: YES
2013-09-17 13:09:59.517 DigitalDeck[12536:19103] Resetting plugins due to page load.
2013-09-17 13:10:01.015 DigitalDeck[12536:19103] Finished load of: file:///Users/eknuth/Library/Application%20Support/iPhone%20Simulator/6.1/Applications/93C26CCE-34CB-4962-BB48-5D6525C0E897/DigitalDeck.app/www/index.html
Terminating in response to SpringBoard's termination.
2013-09-17 13:11:59.453 DigitalDeck[12936:19103] Multi-tasking -> Device: YES, App: YES
2013-09-17 13:11:59.524 DigitalDeck[12936:19103] Resetting plugins due to page load.
2013-09-17 13:11:59.693 DigitalDeck[12936:19103] Finished load of: file:///Users/eknuth/Library/Application%20Support/iPhone%20Simulator/6.1/Applications/93C26CCE-34CB-4962-BB48-5D6525C0E897/DigitalDeck.app/www/index.html
Terminating in response to SpringBoard's termination.
2013-09-17 13:27:44.789 DigitalDeck[13987:19103] Multi-tasking -> Device: YES, App: YES
2013-09-17 13:27:45.080 DigitalDeck[13987:19103] Resetting plugins due to page load.
2013-09-17 13:27:46.520 DigitalDeck[13987:19103] Finished load of: file:///Users/eknuth/Library/Application%20Support/iPhone%20Simulator/6.1/Applications/93C26CCE-34CB-4962-BB48-5D6525C0E897/DigitalDeck.app/www/index.html#/
2013-09-17 13:27:54.380 DigitalDeck[13987:19103] ERROR whitelist rejection: url='https://localhost:8000/account/authenticateUser'
2013-09-17 13:27:54.392 DigitalDeck[13987:19103] ERROR whitelist rejection: url='https://localhost:8000/account/authenticateUser'
2013-09-17 13:27:54.393 DigitalDeck[13987:19103] ERROR whitelist rejection: url='https://localhost:8000/account/authenticateUser'
2013-09-17 13:27:56.962 DigitalDeck[13987:1b403] ERROR whitelist rejection: url='https://localhost:8000/account/authenticateUser'
2013-09-17 13:27:56.963 DigitalDeck[13987:1b403] ERROR whitelist rejection: url='https://localhost:8000/account/authenticateUser'
2013-09-17 13:27:56.963 DigitalDeck[13987:1b403] ERROR whitelist rejection: url='https://localhost:8000/account/authenticateUser'
2013-09-17 13:28:07.159 DigitalDeck[13987:1b403] ERROR whitelist rejection: url='https://localhost:8000/account/authenticateUser'
2013-09-17 13:28:07.160 DigitalDeck[13987:1b403] ERROR whitelist rejection: url='https://localhost:8000/account/authenticateUser'
2013-09-17 13:28:07.160 DigitalDeck[13987:1b403] ERROR whitelist rejection: url='https://localhost:8000/account/authenticateUser'
2013-09-17 13:28:08.748 DigitalDeck[13987:1b403] ERROR whitelist rejection: url='https://localhost:8000/account/authenticateUser'
2013-09-17 13:28:08.748 DigitalDeck[13987:1b403] ERROR whitelist rejection: url='https://localhost:8000/account/authenticateUser'
2013-09-17 13:28:08.749 DigitalDeck[13987:1b403] ERROR whitelist rejection: url='https://localhost:8000/account/authenticateUser'
2013-09-17 13:28:10.084 DigitalDeck[13987:1b403] ERROR whitelist rejection: url='https://localhost:8000/account/authenticateUser'
2013-09-17 13:28:10.085 DigitalDeck[13987:1b403] ERROR whitelist rejection: url='https://localhost:8000/account/authenticateUser'
2013-09-17 13:28:10.086 DigitalDeck[13987:1b403] ERROR whitelist rejection: url='https://localhost:8000/account/authenticateUser'
2013-09-18 09:15:57.020 DigitalDeck[13987:1b403] ERROR whitelist rejection: url='https://localhost:8000/account/authenticateUser'
2013-09-18 09:15:57.030 DigitalDeck[13987:1b403] ERROR whitelist rejection: url='https://localhost:8000/account/authenticateUser'
2013-09-18 09:15:57.031 DigitalDeck[13987:1b403] ERROR whitelist rejection: url='https://localhost:8000/account/authenticateUser'
2013-09-18 09:15:57.520 DigitalDeck[13987:1b403] ERROR whitelist rejection: url='https://localhost:8000/account/authenticateUser'
2013-09-18 09:15:57.521 DigitalDeck[13987:1b403] ERROR whitelist rejection: url='https://localhost:8000/account/authenticateUser'
2013-09-18 09:15:57.522 DigitalDeck[13987:1b403] ERROR whitelist rejection: url='https://localhost:8000/account/authenticateUser'
2013-09-18 09:15:59.608 DigitalDeck[13987:1b403] ERROR whitelist rejection: url='https://localhost:8000/account/authenticateUser'
2013-09-18 09:15:59.640 DigitalDeck[13987:1b403] ERROR whitelist rejection: url='https://localhost:8000/account/authenticateUser'
2013-09-18 09:15:59.642 DigitalDeck[13987:1b403] ERROR whitelist rejection: url='https://localhost:8000/account/authenticateUser'
2013-09-18 09:16:06.354 DigitalDeck[13987:1b403] ERROR whitelist rejection: url='https://localhost:8000/account/authenticateUser'
2013-09-18 09:16:06.355 DigitalDeck[13987:1b403] ERROR whitelist rejection: url='https://localhost:8000/account/authenticateUser'
2013-09-18 09:16:06.355 DigitalDeck[13987:1b403] ERROR whitelist rejection: url='https://localhost:8000/account/authenticateUser'
2013-09-18 09:17:44.361 DigitalDeck[13987:1b403] ERROR whitelist rejection: url='https://localhost:8000/account/authenticateUser'
2013-09-18 09:17:44.361 DigitalDeck[13987:1b403] ERROR whitelist rejection: url='https://localhost:8000/account/authenticateUser'
2013-09-18 09:17:44.362 DigitalDeck[13987:1b403] ERROR whitelist rejection: url='https://localhost:8000/account/authenticateUser'
2013-09-18 09:22:19.047 DigitalDeck[18813:19103] Multi-tasking -> Device: YES, App: YES
2013-09-18 09:22:19.224 DigitalDeck[18813:19103] Resetting plugins due to page load.
2013-09-18 09:22:19.835 DigitalDeck[18813:19103] Finished load of: file:///Users/eknuth/Library/Application%20Support/iPhone%20Simulator/6.1/Applications/93C26CCE-34CB-4962-BB48-5D6525C0E897/DigitalDeck.app/www/index.html#/
Terminating in response to SpringBoard's termination.
2013-09-18 09:24:25.059 DigitalDeck[19588:19103] Multi-tasking -> Device: YES, App: YES
2013-09-18 09:24:25.557 DigitalDeck[19588:19103] Resetting plugins due to page load.
2013-09-18 09:24:26.982 DigitalDeck[19588:19103] Finished load of: file:///Users/eknuth/Library/Application%20Support/iPhone%20Simulator/6.1/Applications/93C26CCE-34CB-4962-BB48-5D6525C0E897/DigitalDeck.app/www/index.html#/
Terminating in response to SpringBoard's termination.
2013-09-18 09:27:43.707 DigitalDeck[20375:19103] Multi-tasking -> Device: YES, App: YES
2013-09-18 09:27:43.936 DigitalDeck[20375:19103] Resetting plugins due to page load.
2013-09-18 09:27:44.455 DigitalDeck[20375:19103] Finished load of: file:///Users/eknuth/Library/Application%20Support/iPhone%20Simulator/6.1/Applications/93C26CCE-34CB-4962-BB48-5D6525C0E897/DigitalDeck.app/www/index.html#/
2013-09-18 09:28:06.153 DigitalDeck[20375:19103] ERROR whitelist rejection: url='http://localhost:8000/account/authenticateUser'
2013-09-18 09:28:06.154 DigitalDeck[20375:19103] ERROR whitelist rejection: url='http://localhost:8000/account/authenticateUser'
2013-09-18 09:28:06.154 DigitalDeck[20375:19103] ERROR whitelist rejection: url='http://localhost:8000/account/authenticateUser'
2013-09-18 09:28:08.277 DigitalDeck[20375:1b303] ERROR whitelist rejection: url='http://localhost:8000/account/authenticateUser'
2013-09-18 09:28:08.278 DigitalDeck[20375:1b303] ERROR whitelist rejection: url='http://localhost:8000/account/authenticateUser'
2013-09-18 09:28:08.278 DigitalDeck[20375:1b303] ERROR whitelist rejection: url='http://localhost:8000/account/authenticateUser'
2013-09-18 09:28:13.180 DigitalDeck[20375:1b303] ERROR whitelist rejection: url='http://localhost:8000/account/authenticateUser'
2013-09-18 09:28:13.181 DigitalDeck[20375:1b303] ERROR whitelist rejection: url='http://localhost:8000/account/authenticateUser'
2013-09-18 09:28:13.182 DigitalDeck[20375:1b303] ERROR whitelist rejection: url='http://localhost:8000/account/authenticateUser'
2013-09-18 09:28:16.589 DigitalDeck[20375:1b303] ERROR whitelist rejection: url='http://localhost:8000/account/authenticateUser'
2013-09-18 09:28:16.589 DigitalDeck[20375:1b303] ERROR whitelist rejection: url='http://localhost:8000/account/authenticateUser'
2013-09-18 09:28:16.590 DigitalDeck[20375:1b303] ERROR whitelist rejection: url='http://localhost:8000/account/authenticateUser'
2013-09-18 10:12:35.125 DigitalDeck[24028:19103] Multi-tasking -> Device: YES, App: YES
2013-09-18 10:12:35.227 DigitalDeck[24028:19103] Resetting plugins due to page load.
2013-09-18 10:12:35.504 DigitalDeck[24028:19103] Finished load of: file:///Users/eknuth/Library/Application%20Support/iPhone%20Simulator/6.1/Applications/93C26CCE-34CB-4962-BB48-5D6525C0E897/DigitalDeck.app/www/index.html#/
2013-09-18 10:14:46.617 DigitalDeck[24768:19103] Multi-tasking -> Device: YES, App: YES
2013-09-18 10:14:46.676 DigitalDeck[24768:19103] Resetting plugins due to page load.
2013-09-18 10:14:46.863 DigitalDeck[24768:19103] Finished load of: file:///Users/eknuth/Library/Application%20Support/iPhone%20Simulator/6.1/Applications/93C26CCE-34CB-4962-BB48-5D6525C0E897/DigitalDeck.app/www/index.html#/
2013-09-23 15:53:16.245 DigitalDeck[18965:19103] Multi-tasking -> Device: YES, App: YES
2013-09-23 15:53:17.194 DigitalDeck[18965:19103] Resetting plugins due to page load.
2013-09-23 15:53:17.829 DigitalDeck[18965:19103] Finished load of: file:///Users/eknuth/Library/Application%20Support/iPhone%20Simulator/6.1/Applications/93C26CCE-34CB-4962-BB48-5D6525C0E897/DigitalDeck.app/www/index.html#/
2013-09-23 15:53:17.873 DigitalDeck[18965:1b403] ERROR whitelist rejection: url='http://tilestream.apps.ecotrust.org/v2/deck/7/40/56.png'
2013-09-23 15:53:17.874 DigitalDeck[18965:1b403] ERROR whitelist rejection: url='http://tilestream.apps.ecotrust.org/v2/deck/7/40/56.png'
2013-09-23 15:53:17.874 DigitalDeck[18965:1b403] ERROR whitelist rejection: url='http://tilestream.apps.ecotrust.org/v2/deck/7/40/56.png'
2013-09-23 15:53:17.876 DigitalDeck[18965:1b403] ERROR whitelist rejection: url='http://tilestream.apps.ecotrust.org/v2/deck/7/41/56.png'
2013-09-23 15:53:17.876 DigitalDeck[18965:1b403] ERROR whitelist rejection: url='http://tilestream.apps.ecotrust.org/v2/deck/7/41/56.png'
2013-09-23 15:53:17.877 DigitalDeck[18965:1b403] ERROR whitelist rejection: url='http://tilestream.apps.ecotrust.org/v2/deck/7/41/56.png'
2013-09-23 15:53:17.878 DigitalDeck[18965:1b403] ERROR whitelist rejection: url='http://tilestream.apps.ecotrust.org/v2/deck/7/40/57.png'
2013-09-23 15:53:17.878 DigitalDeck[18965:1b403] ERROR whitelist rejection: url='http://tilestream.apps.ecotrust.org/v2/deck/7/40/57.png'
2013-09-23 15:53:17.879 DigitalDeck[18965:1b403] ERROR whitelist rejection: url='http://tilestream.apps.ecotrust.org/v2/deck/7/40/57.png'
2013-09-23 15:53:17.880 DigitalDeck[18965:1b403] ERROR whitelist rejection: url='http://tilestream.apps.ecotrust.org/v2/deck/7/41/57.png'
2013-09-23 15:53:17.881 DigitalDeck[18965:1b403] ERROR whitelist rejection: url='http://tilestream.apps.ecotrust.org/v2/deck/7/41/57.png'
2013-09-23 15:53:17.881 DigitalDeck[18965:1b403] ERROR whitelist rejection: url='http://tilestream.apps.ecotrust.org/v2/deck/7/41/57.png'
2013-09-23 15:53:26.704 DigitalDeck[18965:19103] Resetting plugins due to page load.
2013-09-23 15:53:26.846 DigitalDeck[18965:19103] Finished load of: file:///Users/eknuth/Library/Application%20Support/iPhone%20Simulator/6.1/Applications/93C26CCE-34CB-4962-BB48-5D6525C0E897/DigitalDeck.app/www/index.html#/
2013-09-23 15:53:26.882 DigitalDeck[18965:1b403] ERROR whitelist rejection: url='http://tilestream.apps.ecotrust.org/v2/deck/7/40/56.png'
2013-09-23 15:53:26.882 DigitalDeck[18965:1b403] ERROR whitelist rejection: url='http://tilestream.apps.ecotrust.org/v2/deck/7/40/56.png'
2013-09-23 15:53:26.883 DigitalDeck[18965:1b403] ERROR whitelist rejection: url='http://tilestream.apps.ecotrust.org/v2/deck/7/40/56.png'
2013-09-23 15:53:26.884 DigitalDeck[18965:1b403] ERROR whitelist rejection: url='http://tilestream.apps.ecotrust.org/v2/deck/7/41/56.png'
2013-09-23 15:53:26.885 DigitalDeck[18965:1b403] ERROR whitelist rejection: url='http://tilestream.apps.ecotrust.org/v2/deck/7/41/56.png'
2013-09-23 15:53:26.885 DigitalDeck[18965:1b403] ERROR whitelist rejection: url='http://tilestream.apps.ecotrust.org/v2/deck/7/41/56.png'
2013-09-23 15:53:26.886 DigitalDeck[18965:1b403] ERROR whitelist rejection: url='http://tilestream.apps.ecotrust.org/v2/deck/7/40/57.png'
2013-09-23 15:53:26.887 DigitalDeck[18965:1b403] ERROR whitelist rejection: url='http://tilestream.apps.ecotrust.org/v2/deck/7/40/57.png'
2013-09-23 15:53:26.888 DigitalDeck[18965:1b403] ERROR whitelist rejection: url='http://tilestream.apps.ecotrust.org/v2/deck/7/40/57.png'
2013-09-23 15:53:26.889 DigitalDeck[18965:1b403] ERROR whitelist rejection: url='http://tilestream.apps.ecotrust.org/v2/deck/7/41/57.png'
2013-09-23 15:53:26.889 DigitalDeck[18965:1b403] ERROR whitelist rejection: url='http://tilestream.apps.ecotrust.org/v2/deck/7/41/57.png'
2013-09-23 15:53:26.890 DigitalDeck[18965:1b403] ERROR whitelist rejection: url='http://tilestream.apps.ecotrust.org/v2/deck/7/41/57.png'
2013-09-23 15:53:50.202 DigitalDeck[18965:1b403] ERROR whitelist rejection: url='http://localhost:8000/account/authenticateUser'
2013-09-23 15:53:50.203 DigitalDeck[18965:1b403] ERROR whitelist rejection: url='http://localhost:8000/account/authenticateUser'
2013-09-23 15:53:50.204 DigitalDeck[18965:1b403] ERROR whitelist rejection: url='http://localhost:8000/account/authenticateUser'
Terminating in response to SpringBoard's termination.
2013-09-23 16:21:48.088 DigitalDeck[22364:19103] Multi-tasking -> Device: YES, App: YES
2013-09-23 16:21:48.169 DigitalDeck[22364:19103] Resetting plugins due to page load.
2013-09-23 16:21:48.513 DigitalDeck[22364:19103] Finished load of: file:///Users/eknuth/Library/Application%20Support/iPhone%20Simulator/6.1/Applications/93C26CCE-34CB-4962-BB48-5D6525C0E897/DigitalDeck.app/www/index.html#/
Terminating in response to SpringBoard's termination.
2013-09-23 16:33:30.383 DigitalDeck[26687:19103] Multi-tasking -> Device: YES, App: YES
2013-09-23 16:33:30.440 DigitalDeck[26687:19103] Resetting plugins due to page load.
2013-09-23 16:33:30.771 DigitalDeck[26687:19103] Finished load of: file:///Users/eknuth/Library/Application%20Support/iPhone%20Simulator/6.1/Applications/93C26CCE-34CB-4962-BB48-5D6525C0E897/DigitalDeck.app/www/index.html#/
2013-09-23 16:37:32.035 DigitalDeck[27563:19103] Multi-tasking -> Device: YES, App: YES
2013-09-23 16:37:32.122 DigitalDeck[27563:19103] Resetting plugins due to page load.
2013-09-23 16:37:32.514 DigitalDeck[27563:19103] Finished load of: file:///Users/eknuth/Library/Application%20Support/iPhone%20Simulator/6.1/Applications/93C26CCE-34CB-4962-BB48-5D6525C0E897/DigitalDeck.app/www/index.html#/
2013-09-23 16:40:12.750 DigitalDeck[28448:19103] Multi-tasking -> Device: YES, App: YES
2013-09-23 16:40:12.824 DigitalDeck[28448:19103] Resetting plugins due to page load.
2013-09-23 16:40:13.041 DigitalDeck[28448:19103] Finished load of: file:///Users/eknuth/Library/Application%20Support/iPhone%20Simulator/6.1/Applications/93C26CCE-34CB-4962-BB48-5D6525C0E897/DigitalDeck.app/www/index.html#/
Terminating in response to SpringBoard's termination.
2013-09-23 16:51:45.084 DigitalDeck[29631:19103] Multi-tasking -> Device: YES, App: YES
2013-09-23 16:51:45.166 DigitalDeck[29631:19103] Resetting plugins due to page load.
2013-09-23 16:51:45.368 DigitalDeck[29631:19103] Finished load of: file:///Users/eknuth/Library/Application%20Support/iPhone%20Simulator/6.1/Applications/93C26CCE-34CB-4962-BB48-5D6525C0E897/DigitalDeck.app/www/index.html#/
Terminating in response to SpringBoard's termination.
2013-09-23 16:54:54.292 DigitalDeck[30530:19103] Multi-tasking -> Device: YES, App: YES
2013-09-23 16:54:54.363 DigitalDeck[30530:19103] Resetting plugins due to page load.
2013-09-23 16:54:54.618 DigitalDeck[30530:19103] Finished load of: file:///Users/eknuth/Library/Application%20Support/iPhone%20Simulator/6.1/Applications/93C26CCE-34CB-4962-BB48-5D6525C0E897/DigitalDeck.app/www/index.html#/
Terminating in response to SpringBoard's termination.
2013-09-23 17:06:34.870 DigitalDeck[32638:19103] Multi-tasking -> Device: YES, App: YES
2013-09-23 17:06:34.951 DigitalDeck[32638:19103] Resetting plugins due to page load.
2013-09-23 17:06:35.273 DigitalDeck[32638:19103] Finished load of: file:///Users/eknuth/Library/Application%20Support/iPhone%20Simulator/6.1/Applications/93C26CCE-34CB-4962-BB48-5D6525C0E897/DigitalDeck.app/www/index.html#/
Terminating in response to SpringBoard's termination.
2013-09-23 17:08:39.329 DigitalDeck[33552:19103] Multi-tasking -> Device: YES, App: YES
2013-09-23 17:08:39.371 DigitalDeck[33552:19103] Resetting plugins due to page load.
2013-09-23 17:08:39.681 DigitalDeck[33552:19103] Finished load of: file:///Users/eknuth/Library/Application%20Support/iPhone%20Simulator/6.1/Applications/93C26CCE-34CB-4962-BB48-5D6525C0E897/DigitalDeck.app/www/index.html#/
Terminating in response to SpringBoard's termination.
2013-09-23 17:16:39.720 DigitalDeck[34503:19103] Multi-tasking -> Device: YES, App: YES
2013-09-23 17:16:39.856 DigitalDeck[34503:19103] Resetting plugins due to page load.
2013-09-23 17:16:40.193 DigitalDeck[34503:19103] Finished load of: file:///Users/eknuth/Library/Application%20Support/iPhone%20Simulator/6.1/Applications/93C26CCE-34CB-4962-BB48-5D6525C0E897/DigitalDeck.app/www/index.html#/
Terminating in response to SpringBoard's termination.
2013-09-23 17:32:27.615 DigitalDeck[35479:19103] Multi-tasking -> Device: YES, App: YES
2013-09-23 17:32:28.701 DigitalDeck[35479:19103] Resetting plugins due to page load.
2013-09-23 17:32:29.243 DigitalDeck[35479:19103] Finished load of: file:///Users/eknuth/Library/Application%20Support/iPhone%20Simulator/6.1/Applications/93C26CCE-34CB-4962-BB48-5D6525C0E897/DigitalDeck.app/www/index.html#/
Terminating in response to SpringBoard's termination.
2013-09-23 17:35:10.015 DigitalDeck[36420:19103] Multi-tasking -> Device: YES, App: YES
2013-09-23 17:35:10.082 DigitalDeck[36420:19103] Resetting plugins due to page load.
2013-09-23 17:35:10.323 DigitalDeck[36420:19103] Finished load of: file:///Users/eknuth/Library/Application%20Support/iPhone%20Simulator/6.1/Applications/93C26CCE-34CB-4962-BB48-5D6525C0E897/DigitalDeck.app/www/index.html#/
Terminating in response to SpringBoard's termination.
2013-09-23 17:38:50.507 DigitalDeck[37387:19103] Multi-tasking -> Device: YES, App: YES
2013-09-23 17:38:50.572 DigitalDeck[37387:19103] Resetting plugins due to page load.
2013-09-23 17:38:50.871 DigitalDeck[37387:19103] Finished load of: file:///Users/eknuth/Library/Application%20Support/iPhone%20Simulator/6.1/Applications/93C26CCE-34CB-4962-BB48-5D6525C0E897/DigitalDeck.app/www/index.html#/
Terminating in response to SpringBoard's termination.
2013-09-24 10:24:04.515 DigitalDeck[43916:19103] Multi-tasking -> Device: YES, App: YES
2013-09-24 10:24:04.605 DigitalDeck[43916:19103] Resetting plugins due to page load.
2013-09-24 10:24:04.886 DigitalDeck[43916:19103] Finished load of: file:///Users/eknuth/Library/Application%20Support/iPhone%20Simulator/6.1/Applications/93C26CCE-34CB-4962-BB48-5D6525C0E897/DigitalDeck.app/www/index.html#/
2013-09-24 10:25:52.613 DigitalDeck[43916:19103] Resetting plugins due to page load.
2013-09-24 10:25:52.781 DigitalDeck[43916:19103] Finished load of: file:///Users/eknuth/Library/Application%20Support/iPhone%20Simulator/6.1/Applications/93C26CCE-34CB-4962-BB48-5D6525C0E897/DigitalDeck.app/www/index.html#/
Terminating in response to SpringBoard's termination.
2013-09-24 10:27:58.579 DigitalDeck[44841:19103] Multi-tasking -> Device: YES, App: YES
2013-09-24 10:27:58.713 DigitalDeck[44841:19103] Resetting plugins due to page load.
2013-09-24 10:27:59.171 DigitalDeck[44841:19103] Finished load of: file:///Users/eknuth/Library/Application%20Support/iPhone%20Simulator/6.1/Applications/93C26CCE-34CB-4962-BB48-5D6525C0E897/DigitalDeck.app/www/index.html#/
2013-09-24 10:34:05.140 DigitalDeck[45786:19103] Multi-tasking -> Device: YES, App: YES
2013-09-24 10:34:05.255 DigitalDeck[45786:19103] Resetting plugins due to page load.
2013-09-24 10:34:05.694 DigitalDeck[45786:19103] Finished load of: file:///Users/eknuth/Library/Application%20Support/iPhone%20Simulator/6.1/Applications/93C26CCE-34CB-4962-BB48-5D6525C0E897/DigitalDeck.app/www/index.html#/
Terminating in response to SpringBoard's termination.
2013-09-24 11:26:17.319 DigitalDeck[47018:19103] Multi-tasking -> Device: YES, App: YES
2013-09-24 11:26:17.417 DigitalDeck[47018:19103] Resetting plugins due to page load.
2013-09-24 11:26:18.139 DigitalDeck[47018:19103] Finished load of: file:///Users/eknuth/Library/Application%20Support/iPhone%20Simulator/6.1/Applications/93C26CCE-34CB-4962-BB48-5D6525C0E897/DigitalDeck.app/www/index.html#/
Terminating in response to SpringBoard's termination.
2013-09-24 11:32:58.701 DigitalDeck[47966:19103] Multi-tasking -> Device: YES, App: YES
2013-09-24 11:32:58.990 DigitalDeck[47966:19103] Resetting plugins due to page load.
2013-09-24 11:33:00.691 DigitalDeck[47966:19103] Finished load of: file:///Users/eknuth/Library/Application%20Support/iPhone%20Simulator/6.1/Applications/93C26CCE-34CB-4962-BB48-5D6525C0E897/DigitalDeck.app/www/index.html#/
Terminating in response to SpringBoard's termination.
2013-09-24 11:34:57.633 DigitalDeck[48894:19103] Multi-tasking -> Device: YES, App: YES
2013-09-24 11:34:57.724 DigitalDeck[48894:19103] Resetting plugins due to page load.
2013-09-24 11:34:58.080 DigitalDeck[48894:19103] Finished load of: file:///Users/eknuth/Library/Application%20Support/iPhone%20Simulator/6.1/Applications/93C26CCE-34CB-4962-BB48-5D6525C0E897/DigitalDeck.app/www/index.html#/
Terminating in response to SpringBoard's termination.
2013-09-24 11:37:06.924 DigitalDeck[49805:19103] Multi-tasking -> Device: YES, App: YES
2013-09-24 11:37:07.001 DigitalDeck[49805:19103] Resetting plugins due to page load.
2013-09-24 11:37:07.322 DigitalDeck[49805:19103] Finished load of: file:///Users/eknuth/Library/Application%20Support/iPhone%20Simulator/6.1/Applications/93C26CCE-34CB-4962-BB48-5D6525C0E897/DigitalDeck.app/www/index.html#/
Terminating in response to SpringBoard's termination.
2013-09-24 11:55:31.510 DigitalDeck[50769:19103] Multi-tasking -> Device: YES, App: YES
2013-09-24 11:55:31.600 DigitalDeck[50769:19103] Resetting plugins due to page load.
2013-09-24 11:55:32.120 DigitalDeck[50769:19103] Finished load of: file:///Users/eknuth/Library/Application%20Support/iPhone%20Simulator/6.1/Applications/93C26CCE-34CB-4962-BB48-5D6525C0E897/DigitalDeck.app/www/index.html#/
Terminating in response to SpringBoard's termination.
2013-09-24 11:59:38.409 DigitalDeck[51670:19103] Multi-tasking -> Device: YES, App: YES
2013-09-24 11:59:38.551 DigitalDeck[51670:19103] Resetting plugins due to page load.
2013-09-24 11:59:39.425 DigitalDeck[51670:19103] Finished load of: file:///Users/eknuth/Library/Application%20Support/iPhone%20Simulator/6.1/Applications/93C26CCE-34CB-4962-BB48-5D6525C0E897/DigitalDeck.app/www/index.html#/
Terminating in response to SpringBoard's termination.
2013-09-24 12:04:09.086 DigitalDeck[52574:19103] Multi-tasking -> Device: YES, App: YES
2013-09-24 12:04:09.255 DigitalDeck[52574:19103] Resetting plugins due to page load.
2013-09-24 12:04:10.165 DigitalDeck[52574:19103] Finished load of: file:///Users/eknuth/Library/Application%20Support/iPhone%20Simulator/6.1/Applications/93C26CCE-34CB-4962-BB48-5D6525C0E897/DigitalDeck.app/www/index.html#/
Terminating in response to SpringBoard's termination.
2013-09-24 12:08:28.706 DigitalDeck[53548:19103] Multi-tasking -> Device: YES, App: YES
2013-09-24 12:08:28.795 DigitalDeck[53548:19103] Resetting plugins due to page load.
2013-09-24 12:08:29.421 DigitalDeck[53548:19103] Finished load of: file:///Users/eknuth/Library/Application%20Support/iPhone%20Simulator/6.1/Applications/93C26CCE-34CB-4962-BB48-5D6525C0E897/DigitalDeck.app/www/index.html#/
2013-09-24 12:09:05.752 DigitalDeck[53548:19103] Resetting plugins due to page load.
2013-09-24 12:09:05.882 DigitalDeck[53548:19103] Finished load of: file:///Users/eknuth/Library/Application%20Support/iPhone%20Simulator/6.1/Applications/93C26CCE-34CB-4962-BB48-5D6525C0E897/DigitalDeck.app/www/index.html#/settings
2013-09-24 12:09:14.701 DigitalDeck[53548:19103] Resetting plugins due to page load.
2013-09-24 12:09:14.834 DigitalDeck[53548:19103] Finished load of: file:///Users/eknuth/Library/Application%20Support/iPhone%20Simulator/6.1/Applications/93C26CCE-34CB-4962-BB48-5D6525C0E897/DigitalDeck.app/www/index.html#/
Terminating in response to SpringBoard's termination.
2013-09-24 12:12:50.504 DigitalDeck[54473:19103] Multi-tasking -> Device: YES, App: YES
2013-09-24 12:12:50.660 DigitalDeck[54473:19103] Resetting plugins due to page load.
2013-09-24 12:12:51.077 DigitalDeck[54473:19103] Finished load of: file:///Users/eknuth/Library/Application%20Support/iPhone%20Simulator/6.1/Applications/93C26CCE-34CB-4962-BB48-5D6525C0E897/DigitalDeck.app/www/index.html#/
Terminating in response to SpringBoard's termination.
2013-09-24 12:14:52.537 DigitalDeck[55405:19103] Multi-tasking -> Device: YES, App: YES
2013-09-24 12:14:52.695 DigitalDeck[55405:19103] Resetting plugins due to page load.
2013-09-24 12:14:53.178 DigitalDeck[55405:19103] Finished load of: file:///Users/eknuth/Library/Application%20Support/iPhone%20Simulator/6.1/Applications/93C26CCE-34CB-4962-BB48-5D6525C0E897/DigitalDeck.app/www/index.html#/
Terminating in response to SpringBoard's termination.
2013-09-24 15:26:11.721 DigitalDeck[71996:19103] Multi-tasking -> Device: YES, App: YES
2013-09-24 15:26:12.008 DigitalDeck[71996:19103] Resetting plugins due to page load.
2013-09-24 15:26:14.467 DigitalDeck[71996:19103] Finished load of: file:///Users/eknuth/Library/Application%20Support/iPhone%20Simulator/6.1/Applications/93C26CCE-34CB-4962-BB48-5D6525C0E897/DigitalDeck.app/www/index.html#/
Terminating in response to SpringBoard's termination.
2013-09-24 15:28:01.984 DigitalDeck[72886:19103] Multi-tasking -> Device: YES, App: YES
2013-09-24 15:28:02.187 DigitalDeck[72886:19103] Resetting plugins due to page load.
2013-09-24 15:28:02.707 DigitalDeck[72886:19103] Finished load of: file:///Users/eknuth/Library/Application%20Support/iPhone%20Simulator/6.1/Applications/93C26CCE-34CB-4962-BB48-5D6525C0E897/DigitalDeck.app/www/index.html#/
2013-09-24 15:42:22.946 DigitalDeck[72886:19103] Resetting plugins due to page load.
2013-09-24 15:42:23.929 DigitalDeck[72886:19103] Finished load of: file:///Users/eknuth/Library/Application%20Support/iPhone%20Simulator/6.1/Applications/93C26CCE-34CB-4962-BB48-5D6525C0E897/DigitalDeck.app/www/index.html#/
2013-09-24 15:46:51.533 DigitalDeck[72886:19103] Resetting plugins due to page load.
2013-09-24 15:46:51.862 DigitalDeck[72886:19103] Finished load of: file:///Users/eknuth/Library/Application%20Support/iPhone%20Simulator/6.1/Applications/93C26CCE-34CB-4962-BB48-5D6525C0E897/DigitalDeck.app/www/index.html#/settings
